#
# There is insufficient memory for the Java Runtime Environment to continue.
# Native memory allocation (mmap) failed to map 69730304 bytes for committing reserved memory.
# Possible reasons:
#   The system is out of physical RAM or swap space
#   In 32 bit mode, the process size limit was hit
# Possible solutions:
#   Reduce memory load on the system
#   Increase physical memory or swap space
#   Check if swap backing store is full
#   Use 64 bit Java on a 64 bit OS
#   Decrease Java heap size (-Xmx/-Xms)
#   Decrease number of Java threads
#   Decrease Java thread stack sizes (-Xss)
#   Set larger code cache with -XX:ReservedCodeCacheSize=
# This output file may be truncated or incomplete.
#
#  Out of Memory Error (os_linux.cpp:2673), pid=11205, tid=1672375104
#
# JRE version: OpenJDK Runtime Environment (8.0_51-b16) (build 1.8.0_51-b16)
# Java VM: OpenJDK Server VM (25.51-b03 mixed mode linux-x86 )
# Failed to write core dump. Core dumps have been disabled. To enable core dumping, try "ulimit -c unlimited" before starting Java again
#

---------------  T H R E A D  ---------------

Current thread (0x63981000):  VMThread [stack: 0x63a66000,0x63ae7000] [id=11215]

Stack: [0x63a66000,0x63ae7000],  sp=0x63ae5b60,  free space=510k
Native frames: (J=compiled Java code, j=interpreted, Vv=VM code, C=native code)
V  [libjvm.so+0x8c95f6]
V  [libjvm.so+0x3a3766]
V  [libjvm.so+0x735990]
V  [libjvm.so+0x72f933]
V  [libjvm.so+0x7a0b1c]
V  [libjvm.so+0x7a1b81]
V  [libjvm.so+0x79dbde]
V  [libjvm.so+0x797fc2]
V  [libjvm.so+0x333613]
V  [libjvm.so+0x8caa4e]
V  [libjvm.so+0x8d0756]
V  [libjvm.so+0x8cde51]
V  [libjvm.so+0x8cf02c]
V  [libjvm.so+0x8cf61b]
V  [libjvm.so+0x732b95]
C  [libpthread.so.0+0x61c3]  start_thread+0xe3

VM_Operation (0x6342259c): CollectForMetadataAllocation, mode: safepoint, requested by thread 0x639a7000


---------------  P R O C E S S  ---------------

Java Threads: ( => current thread )
  0x603a2000 JavaThread "File lock request listener" [_thread_in_native, id=11247, stack(0x5fe94000,0x5fee5000)]
  0x617a1000 JavaThread "process reaper" daemon [_thread_blocked, id=11246, stack(0x60ca6000,0x60cbf000)]
  0x62d2f000 JavaThread "Stdin handler" [_thread_blocked, id=11232, stack(0x61df6000,0x61e47000)]
  0x091c5c00 JavaThread "Daemon worker" [_thread_blocked, id=11229, stack(0x61e47000,0x61e98000)]
  0x091c8c00 JavaThread "Cancel handler" [_thread_blocked, id=11228, stack(0x61e98000,0x61ee9000)]
  0x091c4000 JavaThread "Handler for socket connection from /0:0:0:0:0:0:0:1:42149 to /0:0:0:0:0:0:0:1:59427" [_thread_in_native, id=11227, stack(0x61ee9000,0x61f3a000)]
  0x623b9000 JavaThread "Daemon" [_thread_blocked, id=11226, stack(0x61f3a000,0x61f8b000)]
  0x623a5000 JavaThread "Incoming local TCP Connector on port 42149" [_thread_in_native, id=11225, stack(0x62405000,0x62456000)]
  0x639aa400 JavaThread "Service Thread" daemon [_thread_blocked, id=11222, stack(0x63352000,0x633a3000)]
  0x639a7000 JavaThread "C1 CompilerThread2" daemon [_thread_blocked, id=11221, stack(0x633a3000,0x63424000)]
  0x639a5c00 JavaThread "C2 CompilerThread1" daemon [_thread_in_native, id=11220, stack(0x63424000,0x634a5000)]
  0x639a3c00 JavaThread "C2 CompilerThread0" daemon [_thread_blocked, id=11219, stack(0x634a5000,0x63526000)]
  0x639a2400 JavaThread "Signal Dispatcher" daemon [_thread_blocked, id=11218, stack(0x63526000,0x63577000)]
  0x63985c00 JavaThread "Finalizer" daemon [_thread_blocked, id=11217, stack(0x63a15000,0x63a66000)]
  0x63984400 JavaThread "Reference Handler" daemon [_thread_blocked, id=11216, stack(0x6662e000,0x6667f000)]
  0xb6406800 JavaThread "main" [_thread_blocked, id=11208, stack(0xb6508000,0xb6559000)]

Other Threads:
=>0x63981000 VMThread [stack: 0x63a66000,0x63ae7000] [id=11215]
  0x639ac000 WatcherThread [stack: 0x632d1000,0x63352000] [id=11223]

VM state:at safepoint (normal execution)

VM Mutex/Monitor currently owned by a thread:  ([mutex/lock_event])
[0xb6404e30] Threads_lock - owner thread: 0x63981000
[0xb6405240] Heap_lock - owner thread: 0x639a7000
[0xb64056b8] MethodData_lock - owner thread: 0x639a7000

Heap:
 PSYoungGen      total 72192K, used 7166K [0x91ac0000, 0x968c0000, 0xa7000000)
  eden space 65024K, 0% used [0x91ac0000,0x91ac0000,0x95a40000)
  from space 7168K, 99% used [0x95a40000,0x9613f980,0x96140000)
  to   space 6656K, 0% used [0x96140000,0x96140000,0x967c0000)
 ParOldGen       total 22016K, used 12048K [0x67000000, 0x68580000, 0x91ac0000)
  object space 22016K, 54% used [0x67000000,0x67bc4020,0x68580000)
 Metaspace       used 16099K, capacity 16369K, committed 16384K, reserved 16688K

Card table byte_map: [0x66dff000,0x67000000] byte_map_base: 0x66ac7000

Marking Bits: (ParMarkBitMap*) 0xb70e6060
 Begin Bits: [0x64500000, 0x65500000)
 End Bits:   [0x65500000, 0x66500000)

Polling page: 0xb770f000

CodeCache: size=245760Kb used=5880Kb max_used=5880Kb free=239879Kb
 bounds [0xa73c7000, 0xa7987000, 0xb63c7000]
 total_blobs=2471 nmethods=2042 adapters=344
 compilation: enabled

Compilation events (10 events):
Event: 4.087 Thread 0x639a7000 nmethod 2070 0xa7984608 code [0xa7984720, 0xa7984840]
Event: 4.087 Thread 0x639a7000 2067       2       com.sun.org.apache.xerces.internal.xni.XMLString::<init> (5 bytes)
Event: 4.087 Thread 0x639a7000 nmethod 2067 0xa7984948 code [0xa7984a40, 0xa7984b00]
Event: 4.087 Thread 0x639a7000 2069       2       com.sun.org.apache.xerces.internal.parsers.XIncludeAwareParserConfiguration::getFeatureState (40 bytes)
Event: 4.088 Thread 0x639a7000 nmethod 2069 0xa7984b88 code [0xa7984ce0, 0xa7984ee4]
Event: 4.088 Thread 0x639a7000 2068       2       com.sun.org.apache.xerces.internal.util.XMLStringBuffer::<init> (12 bytes)
Event: 4.088 Thread 0x639a7000 nmethod 2068 0xa7985048 code [0xa7985160, 0xa79852c0]
Event: 4.088 Thread 0x639a7000 2073       2       com.sun.org.apache.xerces.internal.util.XMLStringBuffer::<init> (7 bytes)
Event: 4.088 Thread 0x639a7000 nmethod 2073 0xa7985348 code [0xa7985460, 0xa79855c0]
Event: 4.088 Thread 0x639a7000 2075   !   2       com.sun.org.apache.xerces.internal.parsers.AbstractSAXParser::startElement (318 bytes)

GC Heap History (10 events):
Event: 0.782 GC heap after
Heap after GC invocations=2 (full 0):
 PSYoungGen      total 17664K, used 1269K [0x91ac0000, 0x92d40000, 0xa7000000)
  eden space 16384K, 0% used [0x91ac0000,0x91ac0000,0x92ac0000)
  from space 1280K, 99% used [0x92c00000,0x92d3d7a0,0x92d40000)
  to   space 1280K, 0% used [0x92ac0000,0x92ac0000,0x92c00000)
 ParOldGen       total 22016K, used 1546K [0x67000000, 0x68580000, 0x91ac0000)
  object space 22016K, 7% used [0x67000000,0x671828b0,0x68580000)
 Metaspace       used 4160K, capacity 4202K, committed 4248K, reserved 4400K
}
Event: 1.046 GC heap before
{Heap before GC invocations=3 (full 0):
 PSYoungGen      total 17664K, used 17653K [0x91ac0000, 0x92d40000, 0xa7000000)
  eden space 16384K, 100% used [0x91ac0000,0x92ac0000,0x92ac0000)
  from space 1280K, 99% used [0x92c00000,0x92d3d7a0,0x92d40000)
  to   space 1280K, 0% used [0x92ac0000,0x92ac0000,0x92c00000)
 ParOldGen       total 22016K, used 1546K [0x67000000, 0x68580000, 0x91ac0000)
  object space 22016K, 7% used [0x67000000,0x671828b0,0x68580000)
 Metaspace       used 4855K, capacity 4914K, committed 5016K, reserved 5424K
Event: 1.051 GC heap after
Heap after GC invocations=3 (full 0):
 PSYoungGen      total 17664K, used 1277K [0x91ac0000, 0x93d40000, 0xa7000000)
  eden space 16384K, 0% used [0x91ac0000,0x91ac0000,0x92ac0000)
  from space 1280K, 99% used [0x92ac0000,0x92bff720,0x92c00000)
  to   space 1280K, 0% used [0x93c00000,0x93c00000,0x93d40000)
 ParOldGen       total 22016K, used 2988K [0x67000000, 0x68580000, 0x91ac0000)
  object space 22016K, 13% used [0x67000000,0x672eb378,0x68580000)
 Metaspace       used 4855K, capacity 4914K, committed 5016K, reserved 5424K
}
Event: 1.480 GC heap before
{Heap before GC invocations=4 (full 0):
 PSYoungGen      total 17664K, used 17661K [0x91ac0000, 0x93d40000, 0xa7000000)
  eden space 16384K, 100% used [0x91ac0000,0x92ac0000,0x92ac0000)
  from space 1280K, 99% used [0x92ac0000,0x92bff720,0x92c00000)
  to   space 1280K, 0% used [0x93c00000,0x93c00000,0x93d40000)
 ParOldGen       total 22016K, used 2988K [0x67000000, 0x68580000, 0x91ac0000)
  object space 22016K, 13% used [0x67000000,0x672eb378,0x68580000)
 Metaspace       used 6501K, capacity 6564K, committed 6680K, reserved 7472K
Event: 1.484 GC heap after
Heap after GC invocations=4 (full 0):
 PSYoungGen      total 34048K, used 1277K [0x91ac0000, 0x93d40000, 0xa7000000)
  eden space 32768K, 0% used [0x91ac0000,0x91ac0000,0x93ac0000)
  from space 1280K, 99% used [0x93c00000,0x93d3f700,0x93d40000)
  to   space 1280K, 0% used [0x93ac0000,0x93ac0000,0x93c00000)
 ParOldGen       total 22016K, used 5004K [0x67000000, 0x68580000, 0x91ac0000)
  object space 22016K, 22% used [0x67000000,0x674e3190,0x68580000)
 Metaspace       used 6501K, capacity 6564K, committed 6680K, reserved 7472K
}
Event: 2.228 GC heap before
{Heap before GC invocations=5 (full 0):
 PSYoungGen      total 34048K, used 34045K [0x91ac0000, 0x93d40000, 0xa7000000)
  eden space 32768K, 100% used [0x91ac0000,0x93ac0000,0x93ac0000)
  from space 1280K, 99% used [0x93c00000,0x93d3f700,0x93d40000)
  to   space 1280K, 0% used [0x93ac0000,0x93ac0000,0x93c00000)
 ParOldGen       total 22016K, used 5004K [0x67000000, 0x68580000, 0x91ac0000)
  object space 22016K, 22% used [0x67000000,0x674e3190,0x68580000)
 Metaspace       used 10431K, capacity 10508K, committed 10520K, reserved 10544K
Event: 2.239 GC heap after
Heap after GC invocations=5 (full 0):
 PSYoungGen      total 34048K, used 1274K [0x91ac0000, 0x967c0000, 0xa7000000)
  eden space 32768K, 0% used [0x91ac0000,0x91ac0000,0x93ac0000)
  from space 1280K, 99% used [0x93ac0000,0x93bfeaf0,0x93c00000)
  to   space 6656K, 0% used [0x96140000,0x96140000,0x967c0000)
 ParOldGen       total 22016K, used 10714K [0x67000000, 0x68580000, 0x91ac0000)
  object space 22016K, 48% used [0x67000000,0x67a76bd8,0x68580000)
 Metaspace       used 10431K, capacity 10508K, committed 10520K, reserved 10544K
}
Event: 3.034 GC heap before
{Heap before GC invocations=6 (full 0):
 PSYoungGen      total 34048K, used 34042K [0x91ac0000, 0x967c0000, 0xa7000000)
  eden space 32768K, 100% used [0x91ac0000,0x93ac0000,0x93ac0000)
  from space 1280K, 99% used [0x93ac0000,0x93bfeaf0,0x93c00000)
  to   space 6656K, 0% used [0x96140000,0x96140000,0x967c0000)
 ParOldGen       total 22016K, used 10714K [0x67000000, 0x68580000, 0x91ac0000)
  object space 22016K, 48% used [0x67000000,0x67a76bd8,0x68580000)
 Metaspace       used 13452K, capacity 13706K, committed 13848K, reserved 14640K
Event: 3.045 GC heap after
Heap after GC invocations=6 (full 0):
 PSYoungGen      total 71680K, used 5094K [0x91ac0000, 0x968c0000, 0xa7000000)
  eden space 65024K, 0% used [0x91ac0000,0x91ac0000,0x95a40000)
  from space 6656K, 76% used [0x96140000,0x96639b48,0x967c0000)
  to   space 7168K, 0% used [0x95a40000,0x95a40000,0x96140000)
 ParOldGen       total 22016K, used 10718K [0x67000000, 0x68580000, 0x91ac0000)
  object space 22016K, 48% used [0x67000000,0x67a77bd8,0x68580000)
 Metaspace       used 13452K, capacity 13706K, committed 13848K, reserved 14640K
}
Event: 4.091 GC heap before
{Heap before GC invocations=7 (full 0):
 PSYoungGen      total 71680K, used 58344K [0x91ac0000, 0x968c0000, 0xa7000000)
  eden space 65024K, 81% used [0x91ac0000,0x94ec05d0,0x95a40000)
  from space 6656K, 76% used [0x96140000,0x96639b48,0x967c0000)
  to   space 7168K, 0% used [0x95a40000,0x95a40000,0x96140000)
 ParOldGen       total 22016K, used 10718K [0x67000000, 0x68580000, 0x91ac0000)
  object space 22016K, 48% used [0x67000000,0x67a77bd8,0x68580000)
 Metaspace       used 16099K, capacity 16369K, committed 16384K, reserved 16688K

Deoptimization events (10 events):
Event: 2.761 Thread 0x091c5c00 Uncommon trap: reason=class_check action=maybe_recompile pc=0xa75f8d4c method=sun.misc.URLClassPath.getResource(Ljava/lang/String;Z)Lsun/misc/Resource; @ 62
Event: 2.761 Thread 0x091c5c00 Uncommon trap: reason=unstable_if action=reinterpret pc=0xa7621b2c method=sun.net.www.ParseUtil.encodePath(Ljava/lang/String;Z)Ljava/lang/String; @ 109
Event: 2.773 Thread 0x091c5c00 Uncommon trap: reason=class_check action=maybe_recompile pc=0xa7663cd0 method=sun.misc.URLClassPath.getLoader(I)Lsun/misc/URLClassPath$Loader; @ 193
Event: 2.774 Thread 0x091c5c00 Uncommon trap: reason=class_check action=maybe_recompile pc=0xa7663cd0 method=sun.misc.URLClassPath.getLoader(I)Lsun/misc/URLClassPath$Loader; @ 193
Event: 3.100 Thread 0x091c5c00 Uncommon trap: reason=unstable_if action=reinterpret pc=0xa766b7a4 method=java.util.HashMap.hash(Ljava/lang/Object;)I @ 1
Event: 3.100 Thread 0x091c5c00 Uncommon trap: reason=unstable_if action=reinterpret pc=0xa762e8a0 method=java.util.HashMap.hash(Ljava/lang/Object;)I @ 1
Event: 3.282 Thread 0x091c5c00 Uncommon trap: reason=class_check action=maybe_recompile pc=0xa7663c08 method=sun.misc.URLClassPath.getLoader(I)Lsun/misc/URLClassPath$Loader; @ 94
Event: 3.636 Thread 0x091c5c00 Uncommon trap: reason=unstable_if action=reinterpret pc=0xa76f86e8 method=java.net.URI.match(CJJ)Z @ 45
Event: 3.636 Thread 0x091c5c00 Uncommon trap: reason=unstable_if action=reinterpret pc=0xa749d460 method=java.net.URI.match(CJJ)Z @ 19
Event: 3.637 Thread 0x091c5c00 Uncommon trap: reason=unstable_if action=reinterpret pc=0xa749d160 method=java.net.URI.match(CJJ)Z @ 19

Internal exceptions (10 events):
Event: 3.426 Thread 0x091c5c00 Exception <a 'java/lang/ClassNotFoundException': org/gradle/api/internal/IConventionAwareBeanInfo> (0x92fa5a90) thrown at [/build/java8-openjdk/src/jdk8u-jdk8u51-b16/hotspot/src/share/vm/classfile/systemDictionary.cpp, line 210]
Event: 3.426 Thread 0x091c5c00 Exception <a 'java/lang/ClassNotFoundException': org/gradle/api/internal/IConventionAwareCustomizer> (0x92fc08f8) thrown at [/build/java8-openjdk/src/jdk8u-jdk8u51-b16/hotspot/src/share/vm/classfile/systemDictionary.cpp, line 210]
Event: 3.428 Thread 0x091c5c00 Exception <a 'java/lang/ClassNotFoundException': org/gradle/api/plugins/ExtensionAwareBeanInfo> (0x92fe6388) thrown at [/build/java8-openjdk/src/jdk8u-jdk8u51-b16/hotspot/src/share/vm/classfile/systemDictionary.cpp, line 210]
Event: 3.429 Thread 0x091c5c00 Exception <a 'java/lang/ClassNotFoundException': org/gradle/api/plugins/ExtensionAwareCustomizer> (0x93000650) thrown at [/build/java8-openjdk/src/jdk8u-jdk8u51-b16/hotspot/src/share/vm/classfile/systemDictionary.cpp, line 210]
Event: 3.431 Thread 0x091c5c00 Exception <a 'java/lang/ClassNotFoundException': org/gradle/api/internal/HasConventionBeanInfo> (0x93025c90) thrown at [/build/java8-openjdk/src/jdk8u-jdk8u51-b16/hotspot/src/share/vm/classfile/systemDictionary.cpp, line 210]
Event: 3.432 Thread 0x091c5c00 Exception <a 'java/lang/ClassNotFoundException': org/gradle/api/internal/HasConventionCustomizer> (0x9303fd30) thrown at [/build/java8-openjdk/src/jdk8u-jdk8u51-b16/hotspot/src/share/vm/classfile/systemDictionary.cpp, line 210]
Event: 3.434 Thread 0x091c5c00 Exception <a 'java/lang/ClassNotFoundException': org/gradle/api/internal/DynamicObjectAwareBeanInfo> (0x930677a0) thrown at [/build/java8-openjdk/src/jdk8u-jdk8u51-b16/hotspot/src/share/vm/classfile/systemDictionary.cpp, line 210]
Event: 3.435 Thread 0x091c5c00 Exception <a 'java/lang/ClassNotFoundException': org/gradle/api/internal/DynamicObjectAwareCustomizer> (0x93082d88) thrown at [/build/java8-openjdk/src/jdk8u-jdk8u51-b16/hotspot/src/share/vm/classfile/systemDictionary.cpp, line 210]
Event: 3.436 Thread 0x091c5c00 Exception <a 'java/lang/ClassNotFoundException': org/gradle/api/plugins/ExtraPropertiesExtensionBeanInfo> (0x930acff0) thrown at [/build/java8-openjdk/src/jdk8u-jdk8u51-b16/hotspot/src/share/vm/classfile/systemDictionary.cpp, line 210]
Event: 3.437 Thread 0x091c5c00 Exception <a 'java/lang/ClassNotFoundException': org/gradle/api/plugins/ExtraPropertiesExtensionCustomizer> (0x930ca8d8) thrown at [/build/java8-openjdk/src/jdk8u-jdk8u51-b16/hotspot/src/share/vm/classfile/systemDictionary.cpp, line 210]

Events (10 events):
Event: 3.974 loading class org/gradle/api/internal/artifacts/ivyservice/resolveengine/graph/conflicts/PotentialConflict done
Event: 3.974 loading class org/gradle/api/internal/artifacts/ivyservice/resolveengine/graph/conflicts/PotentialConflictFactory$1
Event: 3.974 loading class org/gradle/api/internal/artifacts/ivyservice/resolveengine/graph/conflicts/PotentialConflictFactory$1 done
Event: 3.975 loading class org/gradle/api/internal/artifacts/ivyservice/ivyresolve/ComponentMetaDataResolveState
Event: 3.975 loading class org/gradle/api/internal/artifacts/ivyservice/ivyresolve/ComponentMetaDataResolveState done
Event: 3.987 loading class org/gradle/api/internal/artifacts/ivyservice/ivyresolve/RepositoryChainDependencyResolver$1
Event: 3.987 loading class org/gradle/api/internal/artifacts/ivyservice/ivyresolve/RepositoryChainDependencyResolver$1 done
Event: 4.081 Executing VM operation: EnableBiasedLocking
Event: 4.084 Executing VM operation: EnableBiasedLocking done
Event: 4.089 Executing VM operation: CollectForMetadataAllocation


Dynamic libraries:
08048000-08049000 r-xp 00000000 08:02 670574     /usr/lib/jvm/java-8-openjdk/jre/bin/java
08049000-0804a000 rw-p 00000000 08:02 670574     /usr/lib/jvm/java-8-openjdk/jre/bin/java
091bb000-09236000 rw-p 00000000 00:00 0          [heap]
5efd0000-5f100000 rw-p 00000000 00:00 0 
5f100000-5f1f7000 rw-p 00000000 00:00 0 
5f1f7000-5f200000 ---p 00000000 00:00 0 
5f200000-5f23b000 rw-p 00000000 00:00 0 
5f23b000-5f300000 ---p 00000000 00:00 0 
5f300000-5f3ff000 rw-p 00000000 00:00 0 
5f3ff000-5f400000 ---p 00000000 00:00 0 
5f400000-5f4f1000 rw-p 00000000 00:00 0 
5f4f1000-5f500000 ---p 00000000 00:00 0 
5f504000-5f600000 rw-p 00000000 00:00 0 
5f6de000-5f800000 rw-p 00000000 00:00 0 
5f800000-5f900000 rw-p 00000000 00:00 0 
5f901000-5f9bb000 rw-p 00000000 00:00 0 
5f9bb000-5fa01000 ---p 00000000 00:00 0 
5fb00000-5fbf2000 rw-p 00000000 00:00 0 
5fbf2000-5fc00000 ---p 00000000 00:00 0 
5fc00000-5fcf6000 rw-p 00000000 00:00 0 
5fcf6000-5fd00000 ---p 00000000 00:00 0 
5fd00000-5fdff000 rw-p 00000000 00:00 0 
5fdff000-5fe00000 ---p 00000000 00:00 0 
5fe94000-5fe97000 ---p 00000000 00:00 0 
5fe97000-5fee5000 rw-p 00000000 00:00 0          [stack:11247]
5ff00000-60000000 rw-p 00000000 00:00 0 
60000000-600fb000 rw-p 00000000 00:00 0 
600fb000-60100000 ---p 00000000 00:00 0 
60100000-60200000 rw-p 00000000 00:00 0 
60200000-602fe000 rw-p 00000000 00:00 0 
602fe000-60300000 ---p 00000000 00:00 0 
60300000-603f9000 rw-p 00000000 00:00 0 
603f9000-60400000 ---p 00000000 00:00 0 
60400000-604fb000 rw-p 00000000 00:00 0 
604fb000-60500000 ---p 00000000 00:00 0 
60500000-605fa000 rw-p 00000000 00:00 0 
605fa000-60600000 ---p 00000000 00:00 0 
60600000-60800000 rw-p 00000000 00:00 0 
60800000-608fb000 rw-p 00000000 00:00 0 
608fb000-60900000 ---p 00000000 00:00 0 
60900000-60a00000 rw-p 00000000 00:00 0 
60a00000-60b00000 rw-p 00000000 00:00 0 
60b00000-60c00000 rw-p 00000000 00:00 0 
60ca6000-60ca9000 ---p 00000000 00:00 0 
60ca9000-60cbf000 rw-p 00000000 00:00 0          [stack:11246]
60d00000-60df7000 rw-p 00000000 00:00 0 
60df7000-60e00000 ---p 00000000 00:00 0 
60e00000-60f00000 rw-p 00000000 00:00 0 
60f00000-61000000 rw-p 00000000 00:00 0 
61000000-610f9000 rw-p 00000000 00:00 0 
610f9000-61100000 ---p 00000000 00:00 0 
61100000-61200000 rw-p 00000000 00:00 0 
61200000-612f9000 rw-p 00000000 00:00 0 
612f9000-61300000 ---p 00000000 00:00 0 
61300000-61400000 rw-p 00000000 00:00 0 
61400000-614fd000 rw-p 00000000 00:00 0 
614fd000-61500000 ---p 00000000 00:00 0 
61500000-615ff000 rw-p 00000000 00:00 0 
615ff000-61600000 ---p 00000000 00:00 0 
61600000-617f4000 rw-p 00000000 00:00 0 
617f4000-61800000 ---p 00000000 00:00 0 
61800000-61900000 rw-p 00000000 00:00 0 
61900000-61a00000 rw-p 00000000 00:00 0 
61a00000-61aff000 rw-p 00000000 00:00 0 
61aff000-61b00000 ---p 00000000 00:00 0 
61b00000-61c7e000 rw-p 00000000 00:00 0 
61c7e000-61d7e000 rw-p 00000000 00:00 0 
61d7e000-61df6000 r--s 010ee000 08:02 670643     /usr/lib/jvm/java-8-openjdk/lib/tools.jar
61df6000-61df9000 ---p 00000000 00:00 0 
61df9000-61e47000 rw-p 00000000 00:00 0          [stack:11232]
61e47000-61e4a000 ---p 00000000 00:00 0 
61e4a000-61e98000 rw-p 00000000 00:00 0          [stack:11229]
61e98000-61e9b000 ---p 00000000 00:00 0 
61e9b000-61ee9000 rw-p 00000000 00:00 0          [stack:11228]
61ee9000-61eec000 ---p 00000000 00:00 0 
61eec000-61f3a000 rw-p 00000000 00:00 0          [stack:11227]
61f3a000-61f3d000 ---p 00000000 00:00 0 
61f3d000-6208b000 rw-p 00000000 00:00 0          [stack:11226]
6208b000-621f7000 r-xp 00000000 08:02 264664     /usr/lib/libstdc++.so.6.0.21
621f7000-621fc000 r--p 0016c000 08:02 264664     /usr/lib/libstdc++.so.6.0.21
621fc000-621fd000 rw-p 00171000 08:02 264664     /usr/lib/libstdc++.so.6.0.21
621fd000-62300000 rw-p 00000000 00:00 0 
62300000-623dd000 rw-p 00000000 00:00 0 
623dd000-62400000 ---p 00000000 00:00 0 
62405000-62408000 ---p 00000000 00:00 0 
62408000-62456000 rw-p 00000000 00:00 0          [stack:11225]
62456000-62467000 r-xp 00000000 08:02 434386     /usr/lib/jvm/java-8-openjdk/jre/lib/i386/libnio.so
62467000-62468000 rw-p 00010000 08:02 434386     /usr/lib/jvm/java-8-openjdk/jre/lib/i386/libnio.so
62468000-62484000 r-xp 00000000 08:02 264633     /usr/lib/libgcc_s.so.1
62484000-62485000 rw-p 0001b000 08:02 264633     /usr/lib/libgcc_s.so.1
62492000-62493000 r--p 00000000 00:00 0 
62493000-624a9000 r-xp 00000000 08:02 433814     /usr/lib/jvm/java-8-openjdk/jre/lib/i386/libnet.so
624a9000-624aa000 rw-p 00015000 08:02 433814     /usr/lib/jvm/java-8-openjdk/jre/lib/i386/libnet.so
624aa000-624ae000 r-xp 00000000 00:20 72036      /tmp/native-platform2785608634412530329dir/libnative-platform.so
624ae000-624af000 rw-p 00003000 00:20 72036      /tmp/native-platform2785608634412530329dir/libnative-platform.so
624af000-624b3000 r--s 00095000 08:02 433504     /usr/lib/jvm/java-8-openjdk/jre/lib/jsse.jar
624b3000-624b5000 r--s 00002000 08:04 4867880    /home/kawika/.gradle/wrapper/dists/gradle-2.2.1-all/2m8005s69iu8v0oiejfej094b/gradle-2.2.1/lib/plugins/gradle-cunit-2.2.1.jar
624b5000-624ba000 r--s 00036000 08:04 4867879    /home/kawika/.gradle/wrapper/dists/gradle-2.2.1-all/2m8005s69iu8v0oiejfej094b/gradle-2.2.1/lib/plugins/gradle-ide-native-2.2.1.jar
624ba000-624bf000 r--s 00013000 08:04 4867878    /home/kawika/.gradle/wrapper/dists/gradle-2.2.1-all/2m8005s69iu8v0oiejfej094b/gradle-2.2.1/lib/plugins/gradle-language-native-2.2.1.jar
624bf000-624ca000 r--s 0004d000 08:04 4867877    /home/kawika/.gradle/wrapper/dists/gradle-2.2.1-all/2m8005s69iu8v0oiejfej094b/gradle-2.2.1/lib/plugins/gradle-platform-native-2.2.1.jar
624ca000-624cc000 r--s 00008000 08:04 4867876    /home/kawika/.gradle/wrapper/dists/gradle-2.2.1-all/2m8005s69iu8v0oiejfej094b/gradle-2.2.1/lib/plugins/gradle-language-groovy-2.2.1.jar
624cc000-624d1000 r--s 00022000 08:04 4867875    /home/kawika/.gradle/wrapper/dists/gradle-2.2.1-all/2m8005s69iu8v0oiejfej094b/gradle-2.2.1/lib/plugins/gradle-language-java-2.2.1.jar
624d1000-624d4000 r--s 00007000 08:04 4867874    /home/kawika/.gradle/wrapper/dists/gradle-2.2.1-all/2m8005s69iu8v0oiejfej094b/gradle-2.2.1/lib/plugins/gradle-language-jvm-2.2.1.jar
624d4000-624d7000 r--s 00009000 08:04 4867873    /home/kawika/.gradle/wrapper/dists/gradle-2.2.1-all/2m8005s69iu8v0oiejfej094b/gradle-2.2.1/lib/plugins/gradle-platform-jvm-2.2.1.jar
624d7000-624dc000 r--s 00018000 08:04 4867872    /home/kawika/.gradle/wrapper/dists/gradle-2.2.1-all/2m8005s69iu8v0oiejfej094b/gradle-2.2.1/lib/plugins/gradle-platform-base-2.2.1.jar
624dc000-624e1000 r--s 00026000 08:04 4867871    /home/kawika/.gradle/wrapper/dists/gradle-2.2.1-all/2m8005s69iu8v0oiejfej094b/gradle-2.2.1/lib/plugins/gradle-build-init-2.2.1.jar
624e1000-624e4000 r--s 0001d000 08:04 4867870    /home/kawika/.gradle/wrapper/dists/gradle-2.2.1-all/2m8005s69iu8v0oiejfej094b/gradle-2.2.1/lib/plugins/gradle-jacoco-2.2.1.jar
624e4000-624e7000 r--s 0000d000 08:04 4867869    /home/kawika/.gradle/wrapper/dists/gradle-2.2.1-all/2m8005s69iu8v0oiejfej094b/gradle-2.2.1/lib/plugins/gradle-ivy-2.2.1.jar
624e7000-624e9000 r--s 00002000 08:04 4867868    /home/kawika/.gradle/wrapper/dists/gradle-2.2.1-all/2m8005s69iu8v0oiejfej094b/gradle-2.2.1/lib/plugins/gradle-publish-2.2.1.jar
624e9000-624eb000 r--s 00005000 08:04 4867907    /home/kawika/.gradle/wrapper/dists/gradle-2.2.1-all/2m8005s69iu8v0oiejfej094b/gradle-2.2.1/lib/plugins/jatl-0.2.2.jar
624eb000-624ed000 r--s 0000f000 08:04 4867867    /home/kawika/.gradle/wrapper/dists/gradle-2.2.1-all/2m8005s69iu8v0oiejfej094b/gradle-2.2.1/lib/plugins/gradle-reporting-2.2.1.jar
624ed000-624f2000 r--s 00034000 08:04 4867866    /home/kawika/.gradle/wrapper/dists/gradle-2.2.1-all/2m8005s69iu8v0oiejfej094b/gradle-2.2.1/lib/plugins/gradle-diagnostics-2.2.1.jar
624f2000-624f9000 r--s 00090000 08:04 4867865    /home/kawika/.gradle/wrapper/dists/gradle-2.2.1-all/2m8005s69iu8v0oiejfej094b/gradle-2.2.1/lib/plugins/gradle-build-comparison-2.2.1.jar
624f9000-62500000 r--s 00035000 08:04 4867906    /home/kawika/.gradle/wrapper/dists/gradle-2.2.1-all/2m8005s69iu8v0oiejfej094b/gradle-2.2.1/lib/plugins/simple-4.1.21.jar
62500000-626fa000 rw-p 00000000 00:00 0 
626fa000-62700000 ---p 00000000 00:00 0 
62700000-627fc000 rw-p 00000000 00:00 0 
627fc000-62800000 ---p 00000000 00:00 0 
62800000-62801000 r--s 00001000 08:04 4867881    /home/kawika/.gradle/wrapper/dists/gradle-2.2.1-all/2m8005s69iu8v0oiejfej094b/gradle-2.2.1/lib/plugins/gradle-plugin-development-2.2.1.jar
62801000-6280d000 r--s 00100000 08:04 4867904    /home/kawika/.gradle/wrapper/dists/gradle-2.2.1-all/2m8005s69iu8v0oiejfej094b/gradle-2.2.1/lib/plugins/rhino-1.7R3.jar
6280d000-62812000 r--s 0001f000 08:04 4867864    /home/kawika/.gradle/wrapper/dists/gradle-2.2.1-all/2m8005s69iu8v0oiejfej094b/gradle-2.2.1/lib/plugins/gradle-javascript-2.2.1.jar
62812000-62814000 r--s 0000e000 08:04 4867863    /home/kawika/.gradle/wrapper/dists/gradle-2.2.1-all/2m8005s69iu8v0oiejfej094b/gradle-2.2.1/lib/plugins/gradle-ear-2.2.1.jar
62814000-62818000 r--s 00025000 08:04 4867903    /home/kawika/.gradle/wrapper/dists/gradle-2.2.1-all/2m8005s69iu8v0oiejfej094b/gradle-2.2.1/lib/plugins/bcpg-jdk15-1.46.jar
62818000-6281b000 r--s 0001d000 08:04 4867861    /home/kawika/.gradle/wrapper/dists/gradle-2.2.1-all/2m8005s69iu8v0oiejfej094b/gradle-2.2.1/lib/plugins/gradle-signing-2.2.1.jar
6281b000-6281c000 r--s 00002000 08:04 4867902    /home/kawika/.gradle/wrapper/dists/gradle-2.2.1-all/2m8005s69iu8v0oiejfej094b/gradle-2.2.1/lib/plugins/sonar-batch-bootstrapper-2.9.jar
6281c000-6281f000 r--s 00018000 08:04 4867857    /home/kawika/.gradle/wrapper/dists/gradle-2.2.1-all/2m8005s69iu8v0oiejfej094b/gradle-2.2.1/lib/plugins/gradle-sonar-2.2.1.jar
6281f000-62822000 r--s 00017000 08:04 4867856    /home/kawika/.gradle/wrapper/dists/gradle-2.2.1-all/2m8005s69iu8v0oiejfej094b/gradle-2.2.1/lib/plugins/gradle-scala-2.2.1.jar
62822000-62824000 r--s 0000e000 08:04 4867855    /home/kawika/.gradle/wrapper/dists/gradle-2.2.1-all/2m8005s69iu8v0oiejfej094b/gradle-2.2.1/lib/plugins/gradle-announce-2.2.1.jar
62824000-62832000 r--s 000bc000 08:04 4867854    /home/kawika/.gradle/wrapper/dists/gradle-2.2.1-all/2m8005s69iu8v0oiejfej094b/gradle-2.2.1/lib/plugins/gradle-ide-2.2.1.jar
62832000-62834000 r--s 00000000 08:04 4867901    /home/kawika/.gradle/wrapper/dists/gradle-2.2.1-all/2m8005s69iu8v0oiejfej094b/gradle-2.2.1/lib/plugins/plexus-component-annotations-1.5.2.jar
62834000-62837000 r--s 0000c000 08:04 4867900    /home/kawika/.gradle/wrapper/dists/gradle-2.2.1-all/2m8005s69iu8v0oiejfej094b/gradle-2.2.1/lib/plugins/pmaven-groovy-0.8-20100325.jar
62837000-62838000 r--s 00004000 08:04 4867899    /home/kawika/.gradle/wrapper/dists/gradle-2.2.1-all/2m8005s69iu8v0oiejfej094b/gradle-2.2.1/lib/plugins/pmaven-common-0.8-20100325.jar
62838000-6283c000 r--s 0001e000 08:04 4867853    /home/kawika/.gradle/wrapper/dists/gradle-2.2.1-all/2m8005s69iu8v0oiejfej094b/gradle-2.2.1/lib/plugins/gradle-maven-2.2.1.jar
6283c000-62854000 r--s 0013b000 08:04 4867897    /home/kawika/.gradle/wrapper/dists/gradle-2.2.1-all/2m8005s69iu8v0oiejfej094b/gradle-2.2.1/lib/plugins/bndlib-2.1.0.jar
62854000-62856000 r--s 00004000 08:04 4867852    /home/kawika/.gradle/wrapper/dists/gradle-2.2.1-all/2m8005s69iu8v0oiejfej094b/gradle-2.2.1/lib/plugins/gradle-osgi-2.2.1.jar
62856000-6285b000 r--s 00068000 08:04 4867896    /home/kawika/.gradle/wrapper/dists/gradle-2.2.1-all/2m8005s69iu8v0oiejfej094b/gradle-2.2.1/lib/plugins/antlr-2.7.7.jar
6285b000-6285c000 r--s 00002000 08:04 4867895    /home/kawika/.gradle/wrapper/dists/gradle-2.2.1-all/2m8005s69iu8v0oiejfej094b/gradle-2.2.1/lib/plugins/ant-antlr-1.9.3.jar
6285c000-6285e000 r--s 00004000 08:04 4867851    /home/kawika/.gradle/wrapper/dists/gradle-2.2.1-all/2m8005s69iu8v0oiejfej094b/gradle-2.2.1/lib/plugins/gradle-antlr-2.2.1.jar
6285e000-62861000 r--s 0001e000 08:04 4867920    /home/kawika/.gradle/wrapper/dists/gradle-2.2.1-all/2m8005s69iu8v0oiejfej094b/gradle-2.2.1/lib/plugins/jsp-api-2.1-6.1.14.jar
62861000-62884000 r--s 00344000 08:04 4867919    /home/kawika/.gradle/wrapper/dists/gradle-2.2.1-all/2m8005s69iu8v0oiejfej094b/gradle-2.2.1/lib/plugins/core-3.1.1.jar
62884000-62885000 r--s 00006000 08:04 4867918    /home/kawika/.gradle/wrapper/dists/gradle-2.2.1-all/2m8005s69iu8v0oiejfej094b/gradle-2.2.1/lib/plugins/jetty-naming-6.1.25.jar
62885000-62887000 r--s 00002000 08:04 4867893    /home/kawika/.gradle/wrapper/dists/gradle-2.2.1-all/2m8005s69iu8v0oiejfej094b/gradle-2.2.1/lib/plugins/jetty-annotations-6.1.25.jar
62887000-62898000 r--s 000ea000 08:04 4867892    /home/kawika/.gradle/wrapper/dists/gradle-2.2.1-all/2m8005s69iu8v0oiejfej094b/gradle-2.2.1/lib/plugins/jsp-2.1-6.1.14.jar
62898000-6289a000 r--s 0000d000 08:04 4867891    /home/kawika/.gradle/wrapper/dists/gradle-2.2.1-all/2m8005s69iu8v0oiejfej094b/gradle-2.2.1/lib/plugins/jetty-plus-6.1.25.jar
6289a000-6289c000 r--s 0001f000 08:04 4867889    /home/kawika/.gradle/wrapper/dists/gradle-2.2.1-all/2m8005s69iu8v0oiejfej094b/gradle-2.2.1/lib/plugins/servlet-api-2.5-20081211.jar
6289c000-628a0000 r--s 00028000 08:04 4867888    /home/kawika/.gradle/wrapper/dists/gradle-2.2.1-all/2m8005s69iu8v0oiejfej094b/gradle-2.2.1/lib/plugins/jetty-util-6.1.25.jar
628a0000-628a7000 r--s 0007d000 08:04 4867887    /home/kawika/.gradle/wrapper/dists/gradle-2.2.1-all/2m8005s69iu8v0oiejfej094b/gradle-2.2.1/lib/plugins/jetty-6.1.25.jar
628a7000-628a9000 r--s 00009000 08:04 4867850    /home/kawika/.gradle/wrapper/dists/gradle-2.2.1-all/2m8005s69iu8v0oiejfej094b/gradle-2.2.1/lib/plugins/gradle-jetty-2.2.1.jar
628a9000-628ae000 r--s 00041000 08:04 4867849    /home/kawika/.gradle/wrapper/dists/gradle-2.2.1-all/2m8005s69iu8v0oiejfej094b/gradle-2.2.1/lib/plugins/gradle-code-quality-2.2.1.jar
628ae000-628b0000 r--s 00009000 08:04 4867929    /home/kawika/.gradle/wrapper/dists/gradle-2.2.1-all/2m8005s69iu8v0oiejfej094b/gradle-2.2.1/lib/plugins/hamcrest-core-1.3.jar
628b0000-628b6000 r--s 00033000 08:04 4867917    /home/kawika/.gradle/wrapper/dists/gradle-2.2.1-all/2m8005s69iu8v0oiejfej094b/gradle-2.2.1/lib/plugins/snakeyaml-1.6.jar
628b6000-628b8000 r--s 00006000 08:04 4867916    /home/kawika/.gradle/wrapper/dists/gradle-2.2.1-all/2m8005s69iu8v0oiejfej094b/gradle-2.2.1/lib/plugins/jcommander-1.12.jar
628b8000-628bd000 r--s 00040000 08:04 4867915    /home/kawika/.gradle/wrapper/dists/gradle-2.2.1-all/2m8005s69iu8v0oiejfej094b/gradle-2.2.1/lib/plugins/bsh-2.0b4.jar
628bd000-628bf000 r--s 00009000 08:04 4867886    /home/kawika/.gradle/wrapper/dists/gradle-2.2.1-all/2m8005s69iu8v0oiejfej094b/gradle-2.2.1/lib/plugins/commons-cli-1.2.jar
628bf000-628c8000 r--s 00089000 08:04 4867885    /home/kawika/.gradle/wrapper/dists/gradle-2.2.1-all/2m8005s69iu8v0oiejfej094b/gradle-2.2.1/lib/plugins/testng-6.3.1.jar
628c8000-628ce000 r--s 00036000 08:04 4867884    /home/kawika/.gradle/wrapper/dists/gradle-2.2.1-all/2m8005s69iu8v0oiejfej094b/gradle-2.2.1/lib/plugins/junit-4.11.jar
628ce000-628da000 r--s 00075000 08:04 4867848    /home/kawika/.gradle/wrapper/dists/gradle-2.2.1-all/2m8005s69iu8v0oiejfej094b/gradle-2.2.1/lib/plugins/gradle-plugins-2.2.1.jar
628da000-628f2000 r--s 00115000 08:04 4867927    /home/kawika/.gradle/wrapper/dists/gradle-2.2.1-all/2m8005s69iu8v0oiejfej094b/gradle-2.2.1/lib/plugins/xercesImpl-2.9.1.jar
628f2000-628fa000 r--s 00028000 08:04 4867928    /home/kawika/.gradle/wrapper/dists/gradle-2.2.1-all/2m8005s69iu8v0oiejfej094b/gradle-2.2.1/lib/plugins/xml-apis-1.3.04.jar
628fa000-62900000 r--s 0005b000 08:04 4867926    /home/kawika/.gradle/wrapper/dists/gradle-2.2.1-all/2m8005s69iu8v0oiejfej094b/gradle-2.2.1/lib/plugins/jcifs-1.3.17.jar
62900000-62afa000 rw-p 00000000 00:00 0 
62afa000-62b00000 ---p 00000000 00:00 0 
62b00000-62bfd000 rw-p 00000000 00:00 0 
62bfd000-62c00000 ---p 00000000 00:00 0 
62c00000-62cfa000 rw-p 00000000 00:00 0 
62cfa000-62d00000 ---p 00000000 00:00 0 
62d00000-62dee000 rw-p 00000000 00:00 0 
62dee000-62e00000 ---p 00000000 00:00 0 
62e00000-62e01000 r--s 00002000 08:04 4867894    /home/kawika/.gradle/wrapper/dists/gradle-2.2.1-all/2m8005s69iu8v0oiejfej094b/gradle-2.2.1/lib/plugins/geronimo-annotation_1.0_spec-1.0.jar
62e01000-62e04000 r--s 00011000 08:04 4867882    /home/kawika/.gradle/wrapper/dists/gradle-2.2.1-all/2m8005s69iu8v0oiejfej094b/gradle-2.2.1/lib/plugins/gradle-plugin-use-2.2.1.jar
62e04000-62e0a000 r--s 00031000 08:04 4867925    /home/kawika/.gradle/wrapper/dists/gradle-2.2.1-all/2m8005s69iu8v0oiejfej094b/gradle-2.2.1/lib/plugins/httpcore-4.2.2.jar
62e0a000-62e10000 r--s 00033000 08:04 4867924    /home/kawika/.gradle/wrapper/dists/gradle-2.2.1-all/2m8005s69iu8v0oiejfej094b/gradle-2.2.1/lib/plugins/commons-codec-1.6.jar
62e10000-62e13000 r--s 0001c000 08:04 4867923    /home/kawika/.gradle/wrapper/dists/gradle-2.2.1-all/2m8005s69iu8v0oiejfej094b/gradle-2.2.1/lib/plugins/nekohtml-1.9.14.jar
62e13000-62e1c000 r--s 00060000 08:04 4867921    /home/kawika/.gradle/wrapper/dists/gradle-2.2.1-all/2m8005s69iu8v0oiejfej094b/gradle-2.2.1/lib/plugins/httpclient-4.2.2.jar
62e1c000-62e1e000 r--s 00007000 08:04 4867908    /home/kawika/.gradle/wrapper/dists/gradle-2.2.1-all/2m8005s69iu8v0oiejfej094b/gradle-2.2.1/lib/plugins/gradle-resources-http-2.2.1.jar
62e1e000-62e46000 r--s 00194000 08:04 4867914    /home/kawika/.gradle/wrapper/dists/gradle-2.2.1-all/2m8005s69iu8v0oiejfej094b/gradle-2.2.1/lib/plugins/bcprov-jdk15-1.46.jar
62e46000-62e4a000 r--s 0001d000 08:04 4867913    /home/kawika/.gradle/wrapper/dists/gradle-2.2.1-all/2m8005s69iu8v0oiejfej094b/gradle-2.2.1/lib/plugins/xbean-reflect-3.4.jar
62e4a000-62e4f000 r--s 0002a000 08:04 4867905    /home/kawika/.gradle/wrapper/dists/gradle-2.2.1-all/2m8005s69iu8v0oiejfej094b/gradle-2.2.1/lib/plugins/gson-2.2.4.jar
62e4f000-62e53000 r--s 0003d000 08:04 4867912    /home/kawika/.gradle/wrapper/dists/gradle-2.2.1-all/2m8005s69iu8v0oiejfej094b/gradle-2.2.1/lib/plugins/jsch-0.1.51.jar
62e53000-62e6c000 r--s 00129000 08:04 4867898    /home/kawika/.gradle/wrapper/dists/gradle-2.2.1-all/2m8005s69iu8v0oiejfej094b/gradle-2.2.1/lib/plugins/maven-ant-tasks-2.1.3.jar
62e6c000-62e7b000 r--s 000d9000 08:04 4867911    /home/kawika/.gradle/wrapper/dists/gradle-2.2.1-all/2m8005s69iu8v0oiejfej094b/gradle-2.2.1/lib/plugins/ivy-2.2.0.jar
62e7b000-62e7f000 r--s 0001e000 08:04 4867847    /home/kawika/.gradle/wrapper/dists/gradle-2.2.1-all/2m8005s69iu8v0oiejfej094b/gradle-2.2.1/lib/plugins/jarjar-aether-impl-1.13.1.jar
62e7f000-62e82000 r--s 00027000 08:04 4867846    /home/kawika/.gradle/wrapper/dists/gradle-2.2.1-all/2m8005s69iu8v0oiejfej094b/gradle-2.2.1/lib/plugins/jarjar-maven-model-3.0.4.jar
62e82000-62e85000 r--s 0000b000 08:04 4867844    /home/kawika/.gradle/wrapper/dists/gradle-2.2.1-all/2m8005s69iu8v0oiejfej094b/gradle-2.2.1/lib/plugins/jarjar-maven-artifact-3.0.4.jar
62e85000-62e89000 r--s 0001e000 08:04 4867843    /home/kawika/.gradle/wrapper/dists/gradle-2.2.1-all/2m8005s69iu8v0oiejfej094b/gradle-2.2.1/lib/plugins/jarjar-aether-util-1.13.1.jar
62e89000-62e8b000 r--s 00007000 08:04 4867842    /home/kawika/.gradle/wrapper/dists/gradle-2.2.1-all/2m8005s69iu8v0oiejfej094b/gradle-2.2.1/lib/plugins/jarjar-wagon-http-shared4-2.4.jar
62e8b000-62e98000 r--s 00083000 08:04 4867841    /home/kawika/.gradle/wrapper/dists/gradle-2.2.1-all/2m8005s69iu8v0oiejfej094b/gradle-2.2.1/lib/plugins/jarjar-maven-core-3.0.4.jar
62e98000-62e9a000 r--s 00003000 08:04 4867840    /home/kawika/.gradle/wrapper/dists/gradle-2.2.1-all/2m8005s69iu8v0oiejfej094b/gradle-2.2.1/lib/plugins/jarjar-aether-spi-1.13.1.jar
62e9a000-62e9c000 r--s 00009000 08:04 4867839    /home/kawika/.gradle/wrapper/dists/gradle-2.2.1-all/2m8005s69iu8v0oiejfej094b/gradle-2.2.1/lib/plugins/jarjar-maven-settings-builder-3.0.4.jar
62e9c000-62ea0000 r--s 00014000 08:04 4867838    /home/kawika/.gradle/wrapper/dists/gradle-2.2.1-all/2m8005s69iu8v0oiejfej094b/gradle-2.2.1/lib/plugins/jarjar-aether-api-1.13.1.jar
62ea0000-62ea1000 r--s 00002000 08:04 4867837    /home/kawika/.gradle/wrapper/dists/gradle-2.2.1-all/2m8005s69iu8v0oiejfej094b/gradle-2.2.1/lib/plugins/jarjar-wagon-http-2.4.jar
62ea1000-62ea8000 r--s 00042000 08:04 4867836    /home/kawika/.gradle/wrapper/dists/gradle-2.2.1-all/2m8005s69iu8v0oiejfej094b/gradle-2.2.1/lib/plugins/jarjar-maven-compat-3.0.4.jar
62ea8000-62eaa000 r--s 00006000 08:04 4867835    /home/kawika/.gradle/wrapper/dists/gradle-2.2.1-all/2m8005s69iu8v0oiejfej094b/gradle-2.2.1/lib/plugins/jarjar-aether-connector-wagon-1.13.1.jar
62eaa000-62eac000 r--s 00000000 08:04 4867834    /home/kawika/.gradle/wrapper/dists/gradle-2.2.1-all/2m8005s69iu8v0oiejfej094b/gradle-2.2.1/lib/plugins/jarjar-plexus-component-annotations-1.5.5.jar
62eac000-62eae000 r--s 00006000 08:04 4867833    /home/kawika/.gradle/wrapper/dists/gradle-2.2.1-all/2m8005s69iu8v0oiejfej094b/gradle-2.2.1/lib/plugins/jarjar-plexus-sec-dispatcher-1.3.jar
62eae000-62eb3000 r--s 00022000 08:04 4867832    /home/kawika/.gradle/wrapper/dists/gradle-2.2.1-all/2m8005s69iu8v0oiejfej094b/gradle-2.2.1/lib/plugins/jarjar-maven-model-builder-3.0.4.jar
62eb3000-62eb5000 r--s 0000b000 08:04 4867831    /home/kawika/.gradle/wrapper/dists/gradle-2.2.1-all/2m8005s69iu8v0oiejfej094b/gradle-2.2.1/lib/plugins/jarjar-maven-plugin-api-3.0.4.jar
62eb5000-62eb8000 r--s 0000a000 08:04 4867830    /home/kawika/.gradle/wrapper/dists/gradle-2.2.1-all/2m8005s69iu8v0oiejfej094b/gradle-2.2.1/lib/plugins/jarjar-plexus-classworlds-2.4.jar
62eb8000-62ebc000 r--s 00035000 08:04 4867829    /home/kawika/.gradle/wrapper/dists/gradle-2.2.1-all/2m8005s69iu8v0oiejfej094b/gradle-2.2.1/lib/plugins/jarjar-plexus-utils-2.0.6.jar
62ebc000-62ebe000 r--s 0000e000 08:04 4867828    /home/kawika/.gradle/wrapper/dists/gradle-2.2.1-all/2m8005s69iu8v0oiejfej094b/gradle-2.2.1/lib/plugins/jarjar-plexus-interpolation-1.14.jar
62ebe000-62ec0000 r--s 00002000 08:04 4867827    /home/kawika/.gradle/wrapper/dists/gradle-2.2.1-all/2m8005s69iu8v0oiejfej094b/gradle-2.2.1/lib/plugins/jarjar-plexus-cipher-1.7.jar
62ec0000-62ec2000 r--s 0000c000 08:04 4867826    /home/kawika/.gradle/wrapper/dists/gradle-2.2.1-all/2m8005s69iu8v0oiejfej094b/gradle-2.2.1/lib/plugins/jarjar-wagon-provider-api-2.4.jar
62ec2000-62ec4000 r--s 0000d000 08:04 4867825    /home/kawika/.gradle/wrapper/dists/gradle-2.2.1-all/2m8005s69iu8v0oiejfej094b/gradle-2.2.1/lib/plugins/jarjar-maven-aether-provider-3.0.4.jar
62ec4000-62ecc000 r--s 00031000 08:04 4867823    /home/kawika/.gradle/wrapper/dists/gradle-2.2.1-all/2m8005s69iu8v0oiejfej094b/gradle-2.2.1/lib/plugins/jarjar-plexus-container-default-1.5.5.jar
62ecc000-62ee4000 r--s 000b5000 08:04 4867883    /home/kawika/.gradle/wrapper/dists/gradle-2.2.1-all/2m8005s69iu8v0oiejfej094b/gradle-2.2.1/lib/plugins/gradle-dependency-management-2.2.1.jar
62ee4000-62f00000 r--s 00393000 08:02 433523     /usr/lib/jvm/java-8-openjdk/jre/lib/ext/cldrdata.jar
62f00000-62ffa000 rw-p 00000000 00:00 0 
62ffa000-63000000 ---p 00000000 00:00 0 
63000000-63100000 rw-p 00000000 00:00 0 
63100000-631ff000 rw-p 00000000 00:00 0 
631ff000-63200000 ---p 00000000 00:00 0 
63200000-63201000 r--s 00007000 08:04 4867819    /home/kawika/.gradle/wrapper/dists/gradle-2.2.1-all/2m8005s69iu8v0oiejfej094b/gradle-2.2.1/lib/plugins/jarjar-maven-repository-metadata-3.0.4.jar
63201000-63202000 r--s 0000b000 08:04 4867818    /home/kawika/.gradle/wrapper/dists/gradle-2.2.1-all/2m8005s69iu8v0oiejfej094b/gradle-2.2.1/lib/plugins/jarjar-maven-settings-3.0.4.jar
63202000-6320c000 r--s 00116000 08:02 433524     /usr/lib/jvm/java-8-openjdk/jre/lib/ext/localedata.jar
6320c000-6320d000 r--s 00005000 08:04 4854384    /home/kawika/.gradle/wrapper/dists/gradle-2.2.1-all/2m8005s69iu8v0oiejfej094b/gradle-2.2.1/lib/gradle-wrapper-2.2.1.jar
6320d000-63216000 r--s 0002c000 08:04 4854394    /home/kawika/.gradle/wrapper/dists/gradle-2.2.1-all/2m8005s69iu8v0oiejfej094b/gradle-2.2.1/lib/gradle-tooling-api-2.2.1.jar
63216000-63218000 r--s 00002000 08:04 4867798    /home/kawika/.gradle/wrapper/dists/gradle-2.2.1-all/2m8005s69iu8v0oiejfej094b/gradle-2.2.1/lib/gradle-open-api-2.2.1.jar
63218000-6321e000 r--s 00032000 08:04 4867800    /home/kawika/.gradle/wrapper/dists/gradle-2.2.1-all/2m8005s69iu8v0oiejfej094b/gradle-2.2.1/lib/jaxen-1.1.jar
6321e000-63223000 r--s 00048000 08:04 4867799    /home/kawika/.gradle/wrapper/dists/gradle-2.2.1-all/2m8005s69iu8v0oiejfej094b/gradle-2.2.1/lib/dom4j-1.6.1.jar
63223000-6322e000 r--s 00059000 08:04 4854391    /home/kawika/.gradle/wrapper/dists/gradle-2.2.1-all/2m8005s69iu8v0oiejfej094b/gradle-2.2.1/lib/gradle-ui-2.2.1.jar
6322e000-63230000 r--s 00006000 08:04 4864136    /home/kawika/.gradle/wrapper/dists/gradle-2.2.1-all/2m8005s69iu8v0oiejfej094b/gradle-2.2.1/lib/gradle-resources-2.2.1.jar
63230000-63232000 r--s 00007000 08:04 4867816    /home/kawika/.gradle/wrapper/dists/gradle-2.2.1-all/2m8005s69iu8v0oiejfej094b/gradle-2.2.1/lib/objenesis-1.2.jar
63232000-63234000 r--s 00000000 08:04 4867815    /home/kawika/.gradle/wrapper/dists/gradle-2.2.1-all/2m8005s69iu8v0oiejfej094b/gradle-2.2.1/lib/minlog-1.2.jar
63234000-63236000 r--s 0000f000 08:04 4867814    /home/kawika/.gradle/wrapper/dists/gradle-2.2.1-all/2m8005s69iu8v0oiejfej094b/gradle-2.2.1/lib/reflectasm-1.07-shaded.jar
63236000-6323a000 r--s 00026000 08:04 4867805    /home/kawika/.gradle/wrapper/dists/gradle-2.2.1-all/2m8005s69iu8v0oiejfej094b/gradle-2.2.1/lib/kryo-2.20.jar
6323a000-63243000 r--s 00039000 08:04 4856054    /home/kawika/.gradle/wrapper/dists/gradle-2.2.1-all/2m8005s69iu8v0oiejfej094b/gradle-2.2.1/lib/gradle-messaging-2.2.1.jar
63243000-63244000 r--s 00003000 08:04 4867813    /home/kawika/.gradle/wrapper/dists/gradle-2.2.1-all/2m8005s69iu8v0oiejfej094b/gradle-2.2.1/lib/native-platform-freebsd-amd64-0.10.jar
63244000-63245000 r--s 00003000 08:04 4867812    /home/kawika/.gradle/wrapper/dists/gradle-2.2.1-all/2m8005s69iu8v0oiejfej094b/gradle-2.2.1/lib/native-platform-freebsd-i386-0.10.jar
63245000-63246000 r--s 00005000 08:04 4867811    /home/kawika/.gradle/wrapper/dists/gradle-2.2.1-all/2m8005s69iu8v0oiejfej094b/gradle-2.2.1/lib/native-platform-windows-i386-0.10.jar
63246000-63247000 r--s 00005000 08:04 4867810    /home/kawika/.gradle/wrapper/dists/gradle-2.2.1-all/2m8005s69iu8v0oiejfej094b/gradle-2.2.1/lib/native-platform-windows-amd64-0.10.jar
63247000-63248000 r--s 00003000 08:04 4867809    /home/kawika/.gradle/wrapper/dists/gradle-2.2.1-all/2m8005s69iu8v0oiejfej094b/gradle-2.2.1/lib/native-platform-linux-i386-0.10.jar
63248000-63249000 r--s 00003000 08:04 4867808    /home/kawika/.gradle/wrapper/dists/gradle-2.2.1-all/2m8005s69iu8v0oiejfej094b/gradle-2.2.1/lib/native-platform-linux-amd64-0.10.jar
63249000-6324a000 r--s 00002000 08:04 4867807    /home/kawika/.gradle/wrapper/dists/gradle-2.2.1-all/2m8005s69iu8v0oiejfej094b/gradle-2.2.1/lib/native-platform-osx-amd64-0.10.jar
6324a000-6324b000 r--s 00002000 08:04 4867806    /home/kawika/.gradle/wrapper/dists/gradle-2.2.1-all/2m8005s69iu8v0oiejfej094b/gradle-2.2.1/lib/native-platform-osx-i386-0.10.jar
6324b000-6324d000 r--s 00008000 08:04 4867803    /home/kawika/.gradle/wrapper/dists/gradle-2.2.1-all/2m8005s69iu8v0oiejfej094b/gradle-2.2.1/lib/jansi-1.2.1.jar
6324d000-63250000 r--s 0000d000 08:04 4867802    /home/kawika/.gradle/wrapper/dists/gradle-2.2.1-all/2m8005s69iu8v0oiejfej094b/gradle-2.2.1/lib/native-platform-0.10.jar
63250000-63254000 r--s 000e4000 08:04 4867801    /home/kawika/.gradle/wrapper/dists/gradle-2.2.1-all/2m8005s69iu8v0oiejfej094b/gradle-2.2.1/lib/jna-3.2.7.jar
63254000-63256000 r--s 00008000 08:04 4854396    /home/kawika/.gradle/wrapper/dists/gradle-2.2.1-all/2m8005s69iu8v0oiejfej094b/gradle-2.2.1/lib/gradle-native-2.2.1.jar
63256000-63258000 r--s 00005000 08:04 4854389    /home/kawika/.gradle/wrapper/dists/gradle-2.2.1-all/2m8005s69iu8v0oiejfej094b/gradle-2.2.1/lib/gradle-cli-2.2.1.jar
63258000-6325a000 r--s 00003000 08:04 4854489    /home/kawika/.gradle/wrapper/dists/gradle-2.2.1-all/2m8005s69iu8v0oiejfej094b/gradle-2.2.1/lib/gradle-base-services-groovy-2.2.1.jar
6325a000-6325c000 r--s 0000a000 08:04 4854407    /home/kawika/.gradle/wrapper/dists/gradle-2.2.1-all/2m8005s69iu8v0oiejfej094b/gradle-2.2.1/lib/gradle-model-groovy-2.2.1.jar
6325c000-63266000 r--s 0005d000 08:04 4854457    /home/kawika/.gradle/wrapper/dists/gradle-2.2.1-all/2m8005s69iu8v0oiejfej094b/gradle-2.2.1/lib/logback-core-1.0.13.jar
63266000-632d1000 r--s 00685000 08:04 4854401    /home/kawika/.gradle/wrapper/dists/gradle-2.2.1-all/2m8005s69iu8v0oiejfej094b/gradle-2.2.1/lib/groovy-all-2.3.6.jar
632d1000-632d2000 ---p 00000000 00:00 0 
632d2000-63352000 rw-p 00000000 00:00 0          [stack:11223]
63352000-63355000 ---p 00000000 00:00 0 
63355000-633a3000 rw-p 00000000 00:00 0          [stack:11222]
633a3000-633a6000 ---p 00000000 00:00 0 
633a6000-63424000 rw-p 00000000 00:00 0          [stack:11221]
63424000-63427000 ---p 00000000 00:00 0 
63427000-634a5000 rw-p 00000000 00:00 0          [stack:11220]
634a5000-634a8000 ---p 00000000 00:00 0 
634a8000-63526000 rw-p 00000000 00:00 0          [stack:11219]
63526000-63529000 ---p 00000000 00:00 0 
63529000-63577000 rw-p 00000000 00:00 0          [stack:11218]
63577000-63700000 r--p 00000000 08:02 304525     /usr/lib/locale/locale-archive
63700000-637fe000 rw-p 00000000 00:00 0 
637fe000-63800000 ---p 00000000 00:00 0 
63800000-63821000 rw-p 00000000 00:00 0 
63821000-63900000 ---p 00000000 00:00 0 
63900000-63a00000 rw-p 00000000 00:00 0 
63a00000-63a04000 r--s 0001b000 08:04 4854405    /home/kawika/.gradle/wrapper/dists/gradle-2.2.1-all/2m8005s69iu8v0oiejfej094b/gradle-2.2.1/lib/gradle-model-core-2.2.1.jar
63a04000-63a05000 r--s 00000000 08:04 4867795    /home/kawika/.gradle/wrapper/dists/gradle-2.2.1-all/2m8005s69iu8v0oiejfej094b/gradle-2.2.1/lib/gradle-docs-2.2.1.jar
63a05000-63a07000 r--s 00003000 08:04 4867797    /home/kawika/.gradle/wrapper/dists/gradle-2.2.1-all/2m8005s69iu8v0oiejfej094b/gradle-2.2.1/lib/jcl-over-slf4j-1.7.7.jar
63a07000-63a15000 r--s 0007f000 08:04 4854419    /home/kawika/.gradle/wrapper/dists/gradle-2.2.1-all/2m8005s69iu8v0oiejfej094b/gradle-2.2.1/lib/commons-collections-3.2.1.jar
63a15000-63a18000 ---p 00000000 00:00 0 
63a18000-63a66000 rw-p 00000000 00:00 0          [stack:11217]
63a66000-63a67000 ---p 00000000 00:00 0 
63a67000-63ae7000 rw-p 00000000 00:00 0          [stack:11215]
63ae7000-63cb4000 r--s 03bd6000 08:02 433507     /usr/lib/jvm/java-8-openjdk/jre/lib/rt.jar
63cb4000-640fa000 rw-p 00000000 00:00 0 
640fa000-64100000 ---p 00000000 00:00 0 
64100000-66500000 rw-p 00000000 00:00 0 
66500000-665f3000 rw-p 00000000 00:00 0 
665f3000-66600000 ---p 00000000 00:00 0 
66600000-66606000 r--s 0003b000 08:04 4854462    /home/kawika/.gradle/wrapper/dists/gradle-2.2.1-all/2m8005s69iu8v0oiejfej094b/gradle-2.2.1/lib/logback-classic-1.0.13.jar
66606000-6662e000 r--s 001cf000 08:04 4854400    /home/kawika/.gradle/wrapper/dists/gradle-2.2.1-all/2m8005s69iu8v0oiejfej094b/gradle-2.2.1/lib/guava-jdk5-17.0.jar
6662e000-66631000 ---p 00000000 00:00 0 
66631000-6667f000 rw-p 00000000 00:00 0          [stack:11216]
6667f000-66680000 ---p 00000000 00:00 0 
66680000-66700000 rw-p 00000000 00:00 0          [stack:11212]
66700000-667fa000 rw-p 00000000 00:00 0 
667fa000-66800000 ---p 00000000 00:00 0 
66800000-66801000 r--s 00005000 08:04 4867796    /home/kawika/.gradle/wrapper/dists/gradle-2.2.1-all/2m8005s69iu8v0oiejfej094b/gradle-2.2.1/lib/log4j-over-slf4j-1.7.7.jar
66801000-66832000 r--s 00191000 08:04 4854387    /home/kawika/.gradle/wrapper/dists/gradle-2.2.1-all/2m8005s69iu8v0oiejfej094b/gradle-2.2.1/lib/gradle-core-2.2.1.jar
66832000-6687f000 rw-p 00000000 00:00 0 
6687f000-66880000 ---p 00000000 00:00 0 
66880000-66900000 rw-p 00000000 00:00 0          [stack:11211]
66900000-66921000 rw-p 00000000 00:00 0 
66921000-66a00000 ---p 00000000 00:00 0 
66a00000-66a03000 r--s 0001b000 08:04 4854479    /home/kawika/.gradle/wrapper/dists/gradle-2.2.1-all/2m8005s69iu8v0oiejfej094b/gradle-2.2.1/lib/jarjar-1.3.jar
66a03000-66a05000 r--s 00000000 08:04 4854471    /home/kawika/.gradle/wrapper/dists/gradle-2.2.1-all/2m8005s69iu8v0oiejfej094b/gradle-2.2.1/lib/jul-to-slf4j-1.7.7.jar
66a05000-66a24000 r--s 001cc000 08:04 4854417    /home/kawika/.gradle/wrapper/dists/gradle-2.2.1-all/2m8005s69iu8v0oiejfej094b/gradle-2.2.1/lib/ant-1.9.3.jar
66a24000-66a7f000 rw-p 00000000 00:00 0 
66a7f000-66a80000 ---p 00000000 00:00 0 
66a80000-66b00000 rw-p 00000000 00:00 0          [stack:11210]
66b00000-66b21000 rw-p 00000000 00:00 0 
66b21000-66c00000 ---p 00000000 00:00 0 
66c00000-66c01000 r--s 00000000 08:04 4854487    /home/kawika/.gradle/wrapper/dists/gradle-2.2.1-all/2m8005s69iu8v0oiejfej094b/gradle-2.2.1/lib/javax.inject-1.jar
66c01000-66c06000 r--s 00041000 08:04 4854453    /home/kawika/.gradle/wrapper/dists/gradle-2.2.1-all/2m8005s69iu8v0oiejfej094b/gradle-2.2.1/lib/commons-lang-2.6.jar
66c06000-66c09000 r--s 00018000 08:04 4854422    /home/kawika/.gradle/wrapper/dists/gradle-2.2.1-all/2m8005s69iu8v0oiejfej094b/gradle-2.2.1/lib/commons-io-1.4.jar
66c09000-66c0e000 r--s 00036000 08:04 4854416    /home/kawika/.gradle/wrapper/dists/gradle-2.2.1-all/2m8005s69iu8v0oiejfej094b/gradle-2.2.1/lib/asm-all-5.0.3.jar
66c0e000-66c10000 r--s 00006000 08:04 4854397    /home/kawika/.gradle/wrapper/dists/gradle-2.2.1-all/2m8005s69iu8v0oiejfej094b/gradle-2.2.1/lib/slf4j-api-1.7.7.jar
66c10000-66c28000 rw-p 00000000 00:00 0 
66c28000-66c29000 ---p 00000000 00:00 0 
66c29000-66cb4000 rw-p 00000000 00:00 0          [stack:11209]
66cb4000-66dff000 ---p 00000000 00:00 0 
66dff000-66e0a000 rw-p 00000000 00:00 0 
66e0a000-66f54000 ---p 00000000 00:00 0 
66f54000-66f7c000 rw-p 00000000 00:00 0 
66f7c000-66fff000 ---p 00000000 00:00 0 
66fff000-68580000 rw-p 00000000 00:00 0 
68580000-91ac0000 ---p 00000000 00:00 0 
91ac0000-968c0000 rw-p 00000000 00:00 0 
9ab3e000-9ab40000 rw-p 00000000 00:00 0 
9ab40000-a7000000 ---p 00000000 00:00 0 
a7000000-a7001000 r--s 00000000 08:04 4854469    /home/kawika/.gradle/wrapper/dists/gradle-2.2.1-all/2m8005s69iu8v0oiejfej094b/gradle-2.2.1/lib/jcip-annotations-1.0.jar
a7001000-a7007000 r--s 00026000 08:04 4854386    /home/kawika/.gradle/wrapper/dists/gradle-2.2.1-all/2m8005s69iu8v0oiejfej094b/gradle-2.2.1/lib/gradle-base-services-2.2.1.jar
a7007000-a701e000 rw-p 00000000 00:00 0 
a701e000-a73c7000 ---p 00000000 00:00 0 
a73c7000-a7987000 rwxp 00000000 00:00 0 
a7987000-b63c7000 ---p 00000000 00:00 0 
b63c7000-b63cf000 r-xp 00000000 08:02 433803     /usr/lib/jvm/java-8-openjdk/jre/lib/i386/libzip.so
b63cf000-b63d0000 rw-p 00007000 08:02 433803     /usr/lib/jvm/java-8-openjdk/jre/lib/i386/libzip.so
b63d0000-b63f6000 r-xp 00000000 08:02 433775     /usr/lib/jvm/java-8-openjdk/jre/lib/i386/libjava.so
b63f6000-b63f7000 rw-p 00026000 08:02 433775     /usr/lib/jvm/java-8-openjdk/jre/lib/i386/libjava.so
b63f7000-b63fe000 r-xp 00000000 08:02 264317     /usr/lib/librt-2.21.so
b63fe000-b63ff000 r--p 00006000 08:02 264317     /usr/lib/librt-2.21.so
b63ff000-b6400000 rw-p 00007000 08:02 264317     /usr/lib/librt-2.21.so
b6400000-b64fa000 rw-p 00000000 00:00 0 
b64fa000-b6500000 ---p 00000000 00:00 0 
b6500000-b6508000 r--s 0003c000 08:04 4854383    /home/kawika/.gradle/wrapper/dists/gradle-2.2.1-all/2m8005s69iu8v0oiejfej094b/gradle-2.2.1/lib/gradle-launcher-2.2.1.jar
b6508000-b650b000 ---p 00000000 00:00 0 
b650b000-b6559000 rw-p 00000000 00:00 0          [stack:11208]
b6559000-b65a5000 r-xp 00000000 08:02 264344     /usr/lib/libm-2.21.so
b65a5000-b65a6000 r--p 0004b000 08:02 264344     /usr/lib/libm-2.21.so
b65a6000-b65a7000 rw-p 0004c000 08:02 264344     /usr/lib/libm-2.21.so
b65a7000-b707b000 r-xp 00000000 08:02 434396     /usr/lib/jvm/java-8-openjdk/jre/lib/i386/server/libjvm.so
b707b000-b70d8000 rw-p 00ad3000 08:02 434396     /usr/lib/jvm/java-8-openjdk/jre/lib/i386/server/libjvm.so
b70d8000-b74f7000 rw-p 00000000 00:00 0 
b74f7000-b76a8000 r-xp 00000000 08:02 264296     /usr/lib/libc-2.21.so
b76a8000-b76aa000 r--p 001b1000 08:02 264296     /usr/lib/libc-2.21.so
b76aa000-b76ab000 rw-p 001b3000 08:02 264296     /usr/lib/libc-2.21.so
b76ab000-b76af000 rw-p 00000000 00:00 0 
b76af000-b76b2000 r-xp 00000000 08:02 264326     /usr/lib/libdl-2.21.so
b76b2000-b76b3000 r--p 00002000 08:02 264326     /usr/lib/libdl-2.21.so
b76b3000-b76b4000 rw-p 00003000 08:02 264326     /usr/lib/libdl-2.21.so
b76b4000-b76c1000 r-xp 00000000 08:02 434393     /usr/lib/jvm/java-8-openjdk/jre/lib/i386/jli/libjli.so
b76c1000-b76c2000 rw-p 0000c000 08:02 434393     /usr/lib/jvm/java-8-openjdk/jre/lib/i386/jli/libjli.so
b76c2000-b76d8000 r-xp 00000000 08:02 267542     /usr/lib/libz.so.1.2.8
b76d8000-b76d9000 r--p 00015000 08:02 267542     /usr/lib/libz.so.1.2.8
b76d9000-b76da000 rw-p 00016000 08:02 267542     /usr/lib/libz.so.1.2.8
b76da000-b76f3000 r-xp 00000000 08:02 264315     /usr/lib/libpthread-2.21.so
b76f3000-b76f4000 r--p 00018000 08:02 264315     /usr/lib/libpthread-2.21.so
b76f4000-b76f5000 rw-p 00019000 08:02 264315     /usr/lib/libpthread-2.21.so
b76f5000-b76f7000 rw-p 00000000 00:00 0 
b76f7000-b76f8000 r--s 00004000 08:04 4867804    /home/kawika/.gradle/wrapper/dists/gradle-2.2.1-all/2m8005s69iu8v0oiejfej094b/gradle-2.2.1/lib/ant-launcher-1.9.3.jar
b76f8000-b7700000 rw-s 00000000 00:20 72033      /tmp/hsperfdata_kawika/11205
b7700000-b770c000 r-xp 00000000 08:02 264285     /usr/lib/libnss_files-2.21.so
b770c000-b770d000 r--p 0000b000 08:02 264285     /usr/lib/libnss_files-2.21.so
b770d000-b770e000 rw-p 0000c000 08:02 264285     /usr/lib/libnss_files-2.21.so
b770e000-b770f000 rw-p 00000000 00:00 0 
b770f000-b7710000 ---p 00000000 00:00 0 
b7710000-b771b000 r-xp 00000000 08:02 433553     /usr/lib/jvm/java-8-openjdk/jre/lib/i386/libverify.so
b771b000-b771c000 rw-p 0000a000 08:02 433553     /usr/lib/jvm/java-8-openjdk/jre/lib/i386/libverify.so
b771c000-b771d000 rw-p 00000000 00:00 0 
b771d000-b771f000 r--p 00000000 00:00 0          [vvar]
b771f000-b7720000 r-xp 00000000 00:00 0          [vdso]
b7720000-b7742000 r-xp 00000000 08:02 264340     /usr/lib/ld-2.21.so
b7742000-b7743000 r--p 00021000 08:02 264340     /usr/lib/ld-2.21.so
b7743000-b7744000 rw-p 00022000 08:02 264340     /usr/lib/ld-2.21.so
bfbc5000-bfbc6000 rwxp 00000000 00:00 0 
bfbf8000-bfc19000 rw-p 00000000 00:00 0          [stack]

VM Arguments:
jvm_args: -XX:MaxPermSize=256m -XX:+HeapDumpOnOutOfMemoryError -Xmx1024m -Dfile.encoding=UTF-8 -Duser.country=US -Duser.language=en -Duser.variant 
java_command: org.gradle.launcher.daemon.bootstrap.GradleDaemon 2.2.1 /home/kawika/.gradle/daemon 10800000 01ab1ce3-75e3-4904-8450-100c4fb12d94 -XX:MaxPermSize=256m -XX:+HeapDumpOnOutOfMemoryError -Xmx1024m -Dfile.encoding=UTF-8 -Duser.country=US -Duser.language=en -Duser.variant
java_class_path (initial): /home/kawika/.gradle/wrapper/dists/gradle-2.2.1-all/2m8005s69iu8v0oiejfej094b/gradle-2.2.1/lib/gradle-launcher-2.2.1.jar
Launcher Type: SUN_STANDARD

Environment Variables:
JAVA_HOME=/usr/lib/jvm/java-8-openjdk
PATH=/usr/local/sbin:/usr/local/bin:/usr/bin:/usr/bin/site_perl:/usr/bin/vendor_perl:/usr/bin/core_perl:/home/kawika/Downloads/android-sdk/tools
USERNAME=kawika
SHELL=/usr/bin/zsh
DISPLAY=:0

Signal Handlers:
SIGSEGV: [libjvm.so+0x8ca110], sa_mask[0]=11111111011111111101111111111110, sa_flags=SA_RESTART|SA_SIGINFO
SIGBUS: [libjvm.so+0x8ca110], sa_mask[0]=11111111011111111101111111111110, sa_flags=SA_RESTART|SA_SIGINFO
SIGFPE: [libjvm.so+0x730ab0], sa_mask[0]=11111111011111111101111111111110, sa_flags=SA_RESTART|SA_SIGINFO
SIGPIPE: [libjvm.so+0x730ab0], sa_mask[0]=11111111011111111101111111111110, sa_flags=SA_RESTART|SA_SIGINFO
SIGXFSZ: [libjvm.so+0x730ab0], sa_mask[0]=11111111011111111101111111111110, sa_flags=SA_RESTART|SA_SIGINFO
SIGILL: [libjvm.so+0x730ab0], sa_mask[0]=11111111011111111101111111111110, sa_flags=SA_RESTART|SA_SIGINFO
SIGUSR1: SIG_DFL, sa_mask[0]=00000000000000000000000000000000, sa_flags=none
SIGUSR2: [libjvm.so+0x7308f0], sa_mask[0]=00100000000000000000000000000000, sa_flags=SA_RESTART|SA_SIGINFO
SIGHUP: [libjvm.so+0x731080], sa_mask[0]=11111111011111111101111111111110, sa_flags=SA_RESTART|SA_SIGINFO
SIGINT: [libjvm.so+0x731080], sa_mask[0]=11111111011111111101111111111110, sa_flags=SA_RESTART|SA_SIGINFO
SIGTERM: [libjvm.so+0x731080], sa_mask[0]=11111111011111111101111111111110, sa_flags=SA_RESTART|SA_SIGINFO
SIGQUIT: [libjvm.so+0x731080], sa_mask[0]=11111111011111111101111111111110, sa_flags=SA_RESTART|SA_SIGINFO


---------------  S Y S T E M  ---------------

OS:LSB_VERSION=1.4
DISTRIB_ID=Arch
DISTRIB_RELEASE=rolling
DISTRIB_DESCRIPTION="Arch Linux"

uname:Linux 4.1.4-1-ARCH #1 SMP PREEMPT Mon Aug 3 21:53:10 UTC 2015 i686
libc:glibc 2.21 NPTL 2.21 
rlimit: STACK 8192k, CORE 0k, NPROC 16041, NOFILE 4096, AS infinity
load average:0.69 0.51 0.40

/proc/meminfo:
MemTotal:        2057788 kB
MemFree:           53824 kB
MemAvailable:      98996 kB
Buffers:            2568 kB
Cached:           751800 kB
SwapCached:            0 kB
Active:          1216416 kB
Inactive:         689756 kB
Active(anon):    1196628 kB
Inactive(anon):   671264 kB
Active(file):      19788 kB
Inactive(file):    18492 kB
Unevictable:           0 kB
Mlocked:               0 kB
HighTotal:       1179120 kB
HighFree:           3024 kB
LowTotal:         878668 kB
LowFree:           50800 kB
SwapTotal:             0 kB
SwapFree:              0 kB
Dirty:               128 kB
Writeback:             0 kB
AnonPages:       1152356 kB
Mapped:           497348 kB
Shmem:            715496 kB
Slab:              44408 kB
SReclaimable:      26608 kB
SUnreclaim:        17800 kB
KernelStack:        3704 kB
PageTables:        10068 kB
NFS_Unstable:          0 kB
Bounce:                0 kB
WritebackTmp:          0 kB
CommitLimit:     1028892 kB
Committed_AS:    7209700 kB
VmallocTotal:     122880 kB
VmallocUsed:       43388 kB
VmallocChunk:      42232 kB
HardwareCorrupted:     0 kB
AnonHugePages:         0 kB
HugePages_Total:       0
HugePages_Free:        0
HugePages_Rsvd:        0
HugePages_Surp:        0
Hugepagesize:       4096 kB
DirectMap4k:       64504 kB
DirectMap4M:      843776 kB


CPU:total 4 (2 cores per cpu, 2 threads per core) family 6 model 69 stepping 1, cmov, cx8, fxsr, mmx, sse, sse2, sse3, ssse3, sse4.1, sse4.2, popcnt, avx, avx2, aes, clmul, erms, lzcnt, ht, tsc, tscinvbit, bmi1, bmi2

/proc/cpuinfo:
processor	: 0
vendor_id	: GenuineIntel
cpu family	: 6
model		: 69
model name	: Intel(R) Core(TM) i3-4005U CPU @ 1.70GHz
stepping	: 1
microcode	: 0x1c
cpu MHz		: 1700.000
cache size	: 3072 KB
physical id	: 0
siblings	: 4
core id		: 0
cpu cores	: 2
apicid		: 0
initial apicid	: 0
fdiv_bug	: no
f00f_bug	: no
coma_bug	: no
fpu		: yes
fpu_exception	: yes
cpuid level	: 13
wp		: yes
flags		: fpu vme de pse tsc msr pae mce cx8 apic sep mtrr pge mca cmov pat pse36 clflush dts acpi mmx fxsr sse sse2 ss ht tm pbe nx pdpe1gb rdtscp lm constant_tsc arch_perfmon pebs bts xtopology nonstop_tsc aperfmperf eagerfpu pni pclmulqdq dtes64 monitor ds_cpl vmx est tm2 ssse3 fma cx16 xtpr pdcm pcid sse4_1 sse4_2 movbe popcnt tsc_deadline_timer aes xsave avx f16c rdrand lahf_lm abm ida arat epb pln pts dtherm tpr_shadow vnmi flexpriority ept vpid fsgsbase tsc_adjust bmi1 avx2 smep bmi2 erms invpcid xsaveopt
bugs		:
bogomips	: 3393.63
clflush size	: 64
cache_alignment	: 64
address sizes	: 39 bits physical, 48 bits virtual
power management:

processor	: 1
vendor_id	: GenuineIntel
cpu family	: 6
model		: 69
model name	: Intel(R) Core(TM) i3-4005U CPU @ 1.70GHz
stepping	: 1
microcode	: 0x1c
cpu MHz		: 1700.000
cache size	: 3072 KB
physical id	: 0
siblings	: 4
core id		: 0
cpu cores	: 2
apicid		: 1
initial apicid	: 1
fdiv_bug	: no
f00f_bug	: no
coma_bug	: no
fpu		: yes
fpu_exception	: yes
cpuid level	: 13
wp		: yes
flags		: fpu vme de pse tsc msr pae mce cx8 apic sep mtrr pge mca cmov pat pse36 clflush dts acpi mmx fxsr sse sse2 ss ht tm pbe nx pdpe1gb rdtscp lm constant_tsc arch_perfmon pebs bts xtopology nonstop_tsc aperfmperf eagerfpu pni pclmulqdq dtes64 monitor ds_cpl vmx est tm2 ssse3 fma cx16 xtpr pdcm pcid sse4_1 sse4_2 movbe popcnt tsc_deadline_timer aes xsave avx f16c rdrand lahf_lm abm ida arat epb pln pts dtherm tpr_shadow vnmi flexpriority ept vpid fsgsbase tsc_adjust bmi1 avx2 smep bmi2 erms invpcid xsaveopt
bugs		:
bogomips	: 3393.63
clflush size	: 64
cache_alignment	: 64
address sizes	: 39 bits physical, 48 bits virtual
power management:

processor	: 2
vendor_id	: GenuineIntel
cpu family	: 6
model		: 69
model name	: Intel(R) Core(TM) i3-4005U CPU @ 1.70GHz
stepping	: 1
microcode	: 0x1c
cpu MHz		: 1699.933
cache size	: 3072 KB
physical id	: 0
siblings	: 4
core id		: 1
cpu cores	: 2
apicid		: 2
initial apicid	: 2
fdiv_bug	: no
f00f_bug	: no
coma_bug	: no
fpu		: yes
fpu_exception	: yes
cpuid level	: 13
wp		: yes
flags		: fpu vme de pse tsc msr pae mce cx8 apic sep mtrr pge mca cmov pat pse36 clflush dts acpi mmx fxsr sse sse2 ss ht tm pbe nx pdpe1gb rdtscp lm constant_tsc arch_perfmon pebs bts xtopology nonstop_tsc aperfmperf eagerfpu pni pclmulqdq dtes64 monitor ds_cpl vmx est tm2 ssse3 fma cx16 xtpr pdcm pcid sse4_1 sse4_2 movbe popcnt tsc_deadline_timer aes xsave avx f16c rdrand lahf_lm abm ida arat epb pln pts dtherm tpr_shadow vnmi flexpriority ept vpid fsgsbase tsc_adjust bmi1 avx2 smep bmi2 erms invpcid xsaveopt
bugs		:
bogomips	: 3393.63
clflush size	: 64
cache_alignment	: 64
address sizes	: 39 bits physical, 48 bits virtual
power management:

processor	: 3
vendor_id	: GenuineIntel
cpu family	: 6
model		: 69
model name	: Intel(R) Core(TM) i3-4005U CPU @ 1.70GHz
stepping	: 1
microcode	: 0x1c
cpu MHz		: 1699.933
cache size	: 3072 KB
physical id	: 0
siblings	: 4
core id		: 1
cpu cores	: 2
apicid		: 3
initial apicid	: 3
fdiv_bug	: no
f00f_bug	: no
coma_bug	: no
fpu		: yes
fpu_exception	: yes
cpuid level	: 13
wp		: yes
flags		: fpu vme de pse tsc msr pae mce cx8 apic sep mtrr pge mca cmov pat pse36 clflush dts acpi mmx fxsr sse sse2 ss ht tm pbe nx pdpe1gb rdtscp lm constant_tsc arch_perfmon pebs bts xtopology nonstop_tsc aperfmperf eagerfpu pni pclmulqdq dtes64 monitor ds_cpl vmx est tm2 ssse3 fma cx16 xtpr pdcm pcid sse4_1 sse4_2 movbe popcnt tsc_deadline_timer aes xsave avx f16c rdrand lahf_lm abm ida arat epb pln pts dtherm tpr_shadow vnmi flexpriority ept vpid fsgsbase tsc_adjust bmi1 avx2 smep bmi2 erms invpcid xsaveopt
bugs		:
bogomips	: 3393.63
clflush size	: 64
cache_alignment	: 64
address sizes	: 39 bits physical, 48 bits virtual
power management:



Memory: 4k page, physical 2057788k(54272k free), swap 0k(0k free)

vm_info: OpenJDK Server VM (25.51-b03) for linux-x86 JRE (1.8.0_51-b16), built on Jul 19 2015 18:40:24 by "builduser" with gcc 5.1.0

time: Wed Aug 12 10:58:00 2015
elapsed time: 4 seconds (0d 0h 0m 4s)

