0 info it worked if it ends with ok
1 verbose cli [ 'node', '/usr/local/bin/npm', 'i' ]
2 info using npm@2.10.1
3 info using node@v0.12.4
4 verbose node symlink /usr/local/bin/node
5 verbose readDependencies loading dependencies from /Users/judah/DevLeague/granny-gram/package.json
6 error install Couldn't read dependencies
7 verbose stack Error: Failed to parse json
7 verbose stack Unexpected token '<' at 6:1
7 verbose stack <<<<<<< HEAD
7 verbose stack ^
7 verbose stack     at parseError (/usr/local/lib/node_modules/npm/node_modules/read-package-json/read-json.js:379:11)
7 verbose stack     at parseJson (/usr/local/lib/node_modules/npm/node_modules/read-package-json/read-json.js:68:23)
7 verbose stack     at /usr/local/lib/node_modules/npm/node_modules/read-package-json/read-json.js:48:5
7 verbose stack     at evalmachine.<anonymous>:334:14
7 verbose stack     at /usr/local/lib/node_modules/npm/node_modules/graceful-fs/graceful-fs.js:102:5
7 verbose stack     at FSReqWrap.oncomplete (evalmachine.<anonymous>:95:15)
8 verbose cwd /Users/judah/DevLeague/granny-gram
9 error Darwin 14.4.0
10 error argv "node" "/usr/local/bin/npm" "i"
11 error node v0.12.4
12 error npm  v2.10.1
13 error file /Users/judah/DevLeague/granny-gram/package.json
14 error code EJSONPARSE
15 error Failed to parse json
15 error Unexpected token '<' at 6:1
15 error <<<<<<< HEAD
15 error ^
16 error File: /Users/judah/DevLeague/granny-gram/package.json
17 error Failed to parse package.json data.
17 error package.json must be actual JSON, not just JavaScript.
17 error
17 error This is not a bug in npm.
17 error Tell the package author to fix their package.json file. JSON.parse
18 verbose exit [ 1, true ]
